0 info it worked if it ends with ok
1 verbose cli [ 'C:\\Program Files\\nodejs\\node.exe',
1 verbose cli   'C:\\Program Files\\nodejs\\node_modules\\npm\\bin\\npm-cli.js',
1 verbose cli   'run',
1 verbose cli   'mongo' ]
2 info using npm@3.10.10
3 info using node@v6.10.3
4 verbose run-script [ 'premongo', 'mongo', 'postmongo' ]
5 info lifecycle ushar@0.0.1~premongo: ushar@0.0.1
6 silly lifecycle ushar@0.0.1~premongo: no script for premongo, continuing
7 info lifecycle ushar@0.0.1~mongo: ushar@0.0.1
8 verbose lifecycle ushar@0.0.1~mongo: unsafe-perm in lifecycle true
9 verbose lifecycle ushar@0.0.1~mongo: PATH: C:\Program Files\nodejs\node_modules\npm\bin\node-gyp-bin;C:\Users\cmandracchia\Desktop\ushar\node_modules\.bin;C:\Program Files\Git\mingw64\bin;C:\Program Files\Git\usr\bin;C:\Users\cmandracchia\bin;C:\windows\CCM;C:\ProgramData\Oracle\Java\javapath;C:\windows\system32;C:\windows;C:\windows\System32\Wbem;C:\windows\System32\WindowsPowerShell\v1.0;C:\Program Files (x86)\ExchangeMapi;C:\Program Files\Git\cmd;C:\Program Files\nodejs;C:\Program Files (x86)\Microsoft VS Code\bin;C:\Users\cmandracchia\AppData\Roaming\npm
10 verbose lifecycle ushar@0.0.1~mongo: CWD: C:\Users\cmandracchia\Desktop\ushar
11 silly lifecycle ushar@0.0.1~mongo: Args: [ '/d /s /c',
11 silly lifecycle   'C:/"Program Files"/MongoDB/Server/3.4/bin/mongod.exe' ]
12 silly lifecycle ushar@0.0.1~mongo: Returned: code: 3221225786  signal: null
13 info lifecycle ushar@0.0.1~mongo: Failed to exec mongo script
14 verbose stack Error: ushar@0.0.1 mongo: `C:/"Program Files"/MongoDB/Server/3.4/bin/mongod.exe`
14 verbose stack Exit status 3221225786
14 verbose stack     at EventEmitter.<anonymous> (C:\Program Files\nodejs\node_modules\npm\lib\utils\lifecycle.js:255:16)
14 verbose stack     at emitTwo (events.js:106:13)
14 verbose stack     at EventEmitter.emit (events.js:191:7)
14 verbose stack     at ChildProcess.<anonymous> (C:\Program Files\nodejs\node_modules\npm\lib\utils\spawn.js:40:14)
14 verbose stack     at emitTwo (events.js:106:13)
14 verbose stack     at ChildProcess.emit (events.js:191:7)
14 verbose stack     at maybeClose (internal/child_process.js:886:16)
14 verbose stack     at Process.ChildProcess._handle.onexit (internal/child_process.js:226:5)
15 verbose pkgid ushar@0.0.1
16 verbose cwd C:\Users\cmandracchia\Desktop\ushar
17 error Windows_NT 6.3.9600
18 error argv "C:\\Program Files\\nodejs\\node.exe" "C:\\Program Files\\nodejs\\node_modules\\npm\\bin\\npm-cli.js" "run" "mongo"
19 error node v6.10.3
20 error npm  v3.10.10
21 error code ELIFECYCLE
22 error ushar@0.0.1 mongo: `C:/"Program Files"/MongoDB/Server/3.4/bin/mongod.exe`
22 error Exit status 3221225786
23 error Failed at the ushar@0.0.1 mongo script 'C:/"Program Files"/MongoDB/Server/3.4/bin/mongod.exe'.
23 error Make sure you have the latest version of node.js and npm installed.
23 error If you do, this is most likely a problem with the ushar package,
23 error not with npm itself.
23 error Tell the author that this fails on your system:
23 error     C:/"Program Files"/MongoDB/Server/3.4/bin/mongod.exe
23 error You can get information on how to open an issue for this project with:
23 error     npm bugs ushar
23 error Or if that isn't available, you can get their info via:
23 error     npm owner ls ushar
23 error There is likely additional logging output above.
24 verbose exit [ 1, true ]
